# JRE version: OpenJDK Runtime Environment (22.0.1+8) (build 22.0.1+8-16)
# Java VM: OpenJDK 64-Bit Server VM (22.0.1+8-16, mixed mode, sharing, tiered, compressed oops, compressed class ptrs, g1 gc, windows-amd64)
GC Precious Log:
 CardTable entry size: 512
 Card Set container configuration: InlinePtr #cards 4 size 8 Array Of Cards #cards 16 size 48 Howl #buckets 8 coarsen threshold 3686 Howl Bitmap #cards 512 size 80 coarsen threshold 460 Card regions per heap region 1 cards per card region 4096
 CPUs: 4 total, 4 available
 Memory: 12146M
 Large Page Support: Disabled
 NUMA Support: Disabled
 Compressed Oops: Enabled (Zero based)
 Heap Region Size: 2M
 Heap Min Capacity: 8M
 Heap Initial Capacity: 190M
 Heap Max Capacity: 3038M
 Pre-touch: Disabled
 Parallel Workers: 4
 Concurrent Workers: 1
 Concurrent Refinement Workers: 4
 Periodic GC: Disabled
Heap:
 garbage-first heap   total reserved 3110912K, committed 59392K, used 45109K [0x0000000742200000, 0x0000000800000000)
  region size 2048K, 13 young (26624K), 2 survivors (4096K)
 Metaspace       used 68545K, committed 69184K, reserved 1114112K
  class space    used 9333K, committed 9600K, reserved 1048576K
GC Heap History (20 events):
Event: 2.131 GC heap before
{Heap before GC invocations=3 (full 0):
 garbage-first heap   total reserved 3110912K, committed 194560K, used 36648K [0x0000000742200000, 0x0000000800000000)
  region size 2048K, 17 young (34816K), 3 survivors (6144K)
 Metaspace       used 21263K, committed 21504K, reserved 1114112K
  class space    used 2573K, committed 2688K, reserved 1048576K
}
Event: 2.138 GC heap after
{Heap after GC invocations=4 (full 0):
 garbage-first heap   total reserved 3110912K, committed 194560K, used 12926K [0x0000000742200000, 0x0000000800000000)
  region size 2048K, 4 young (8192K), 4 survivors (8192K)
 Metaspace       used 21263K, committed 21504K, reserved 1114112K
  class space    used 2573K, committed 2688K, reserved 1048576K
}
Event: 2.668 GC heap before
{Heap before GC invocations=5 (full 0):
 garbage-first heap   total reserved 3110912K, committed 49152K, used 33406K [0x0000000742200000, 0x0000000800000000)
  region size 2048K, 14 young (28672K), 4 survivors (8192K)
 Metaspace       used 24599K, committed 25024K, reserved 1114112K
  class space    used 3063K, committed 3264K, reserved 1048576K
}
Event: 2.677 GC heap after
{Heap after GC invocations=6 (full 0):
 garbage-first heap   total reserved 3110912K, committed 49152K, used 14440K [0x0000000742200000, 0x0000000800000000)
  region size 2048K, 1 young (2048K), 1 survivors (2048K)
 Metaspace       used 24599K, committed 25024K, reserved 1114112K
  class space    used 3063K, committed 3264K, reserved 1048576K
}
Event: 3.258 GC heap before
{Heap before GC invocations=6 (full 0):
 garbage-first heap   total reserved 3110912K, committed 49152K, used 36968K [0x0000000742200000, 0x0000000800000000)
  region size 2048K, 12 young (24576K), 1 survivors (2048K)
 Metaspace       used 29526K, committed 30080K, reserved 1114112K
  class space    used 3744K, committed 4032K, reserved 1048576K
}
Event: 3.268 GC heap after
{Heap after GC invocations=7 (full 0):
 garbage-first heap   total reserved 3110912K, committed 49152K, used 16518K [0x0000000742200000, 0x0000000800000000)
  region size 2048K, 2 young (4096K), 2 survivors (4096K)
 Metaspace       used 29526K, committed 30080K, reserved 1114112K
  class space    used 3744K, committed 4032K, reserved 1048576K
}
Event: 3.709 GC heap before
{Heap before GC invocations=7 (full 0):
 garbage-first heap   total reserved 3110912K, committed 49152K, used 36998K [0x0000000742200000, 0x0000000800000000)
  region size 2048K, 12 young (24576K), 2 survivors (4096K)
 Metaspace       used 34518K, committed 35072K, reserved 1114112K
  class space    used 4492K, committed 4736K, reserved 1048576K
}
Event: 3.714 GC heap after
{Heap after GC invocations=8 (full 0):
 garbage-first heap   total reserved 3110912K, committed 49152K, used 18479K [0x0000000742200000, 0x0000000800000000)
  region size 2048K, 1 young (2048K), 1 survivors (2048K)
 Metaspace       used 34518K, committed 35072K, reserved 1114112K
  class space    used 4492K, committed 4736K, reserved 1048576K
}
Event: 3.791 GC heap before
{Heap before GC invocations=8 (full 0):
 garbage-first heap   total reserved 3110912K, committed 49152K, used 20527K [0x0000000742200000, 0x0000000800000000)
  region size 2048K, 3 young (6144K), 1 survivors (2048K)
 Metaspace       used 35408K, committed 35968K, reserved 1114112K
  class space    used 4658K, committed 4928K, reserved 1048576K
}
Event: 3.793 GC heap after
{Heap after GC invocations=9 (full 0):
 garbage-first heap   total reserved 3110912K, committed 49152K, used 18467K [0x0000000742200000, 0x0000000800000000)
  region size 2048K, 1 young (2048K), 1 survivors (2048K)
 Metaspace       used 35408K, committed 35968K, reserved 1114112K
  class space    used 4658K, committed 4928K, reserved 1048576K
}
Event: 4.378 GC heap before
{Heap before GC invocations=10 (full 0):
 garbage-first heap   total reserved 3110912K, committed 49152K, used 38947K [0x0000000742200000, 0x0000000800000000)
  region size 2048K, 11 young (22528K), 1 survivors (2048K)
 Metaspace       used 44766K, committed 45376K, reserved 1114112K
  class space    used 5854K, committed 6144K, reserved 1048576K
}
Event: 4.383 GC heap after
{Heap after GC invocations=11 (full 0):
 garbage-first heap   total reserved 3110912K, committed 49152K, used 20518K [0x0000000742200000, 0x0000000800000000)
  region size 2048K, 2 young (4096K), 2 survivors (4096K)
 Metaspace       used 44766K, committed 45376K, reserved 1114112K
  class space    used 5854K, committed 6144K, reserved 1048576K
}
Event: 4.781 GC heap before
{Heap before GC invocations=11 (full 0):
 garbage-first heap   total reserved 3110912K, committed 49152K, used 36902K [0x0000000742200000, 0x0000000800000000)
  region size 2048K, 11 young (22528K), 2 survivors (4096K)
 Metaspace       used 49281K, committed 49856K, reserved 1114112K
  class space    used 6455K, committed 6720K, reserved 1048576K
}
Event: 4.788 GC heap after
{Heap after GC invocations=12 (full 0):
 garbage-first heap   total reserved 3110912K, committed 49152K, used 21736K [0x0000000742200000, 0x0000000800000000)
  region size 2048K, 1 young (2048K), 1 survivors (2048K)
 Metaspace       used 49281K, committed 49856K, reserved 1114112K
  class space    used 6455K, committed 6720K, reserved 1048576K
}
Event: 5.297 GC heap before
{Heap before GC invocations=12 (full 0):
 garbage-first heap   total reserved 3110912K, committed 49152K, used 40168K [0x0000000742200000, 0x0000000800000000)
  region size 2048K, 11 young (22528K), 1 survivors (2048K)
 Metaspace       used 55898K, committed 56448K, reserved 1114112K
  class space    used 7558K, committed 7808K, reserved 1048576K
}
Event: 5.300 GC heap after
{Heap after GC invocations=13 (full 0):
 garbage-first heap   total reserved 3110912K, committed 59392K, used 22383K [0x0000000742200000, 0x0000000800000000)
  region size 2048K, 2 young (4096K), 2 survivors (4096K)
 Metaspace       used 55898K, committed 56448K, reserved 1114112K
  class space    used 7558K, committed 7808K, reserved 1048576K
}
Event: 5.585 GC heap before
{Heap before GC invocations=13 (full 0):
 garbage-first heap   total reserved 3110912K, committed 59392K, used 36719K [0x0000000742200000, 0x0000000800000000)
  region size 2048K, 10 young (20480K), 2 survivors (4096K)
 Metaspace       used 59627K, committed 60160K, reserved 1114112K
  class space    used 8026K, committed 8256K, reserved 1048576K
}
Event: 5.590 GC heap after
{Heap after GC invocations=14 (full 0):
 garbage-first heap   total reserved 3110912K, committed 59392K, used 23961K [0x0000000742200000, 0x0000000800000000)
  region size 2048K, 2 young (4096K), 2 survivors (4096K)
 Metaspace       used 59627K, committed 60160K, reserved 1114112K
  class space    used 8026K, committed 8256K, reserved 1048576K
}
Event: 6.133 GC heap before
{Heap before GC invocations=15 (full 0):
 garbage-first heap   total reserved 3110912K, committed 59392K, used 48537K [0x0000000742200000, 0x0000000800000000)
  region size 2048K, 14 young (28672K), 2 survivors (4096K)
 Metaspace       used 62813K, committed 63424K, reserved 1114112K
  class space    used 8557K, committed 8832K, reserved 1048576K
}
Event: 6.138 GC heap after
{Heap after GC invocations=16 (full 0):
 garbage-first heap   total reserved 3110912K, committed 59392K, used 26677K [0x0000000742200000, 0x0000000800000000)
  region size 2048K, 2 young (4096K), 2 survivors (4096K)
 Metaspace       used 62813K, committed 63424K, reserved 1114112K
  class space    used 8557K, committed 8832K, reserved 1048576K
}

